<?xml version="1.0" encoding="UTF-8"?>
<!-- Generated by org.testng.reporters.JUnitXMLReporter -->
<testsuite ignored="8" hostname="DESKTOP-322V6MD" failures="1" tests="8" name="SpriteCloud" time="148.809" errors="0" timestamp="2022-10-19T22:53:27 EET">
  <testcase classname="uiTests.LinksTest" name="testLinks" time="42.43">
    <failure type="java.lang.AssertionError" message="expected [true] but found [false]">
      <![CDATA[java.lang.AssertionError: expected [true] but found [false]
at uiTests.LinksTest.testLinks(LinksTest.java:14)
at java.base/java.util.ArrayList.forEach(ArrayList.java:1510)
at com.intellij.rt.testng.IDEARemoteTestNG.run(IDEARemoteTestNG.java:66)
at com.intellij.rt.testng.RemoteTestNGStarter.main(RemoteTestNGStarter.java:109)
... Removed 28 stack frames]]>
    </failure>
  </testcase> <!-- testLinks -->
  <testcase classname="uiTests.ClickTest" name="clickTest" time="7.088"/>
  <testcase classname="uiTests.ScrollbarsTest" name="scrollBarTest" time="7.457"/>
  <testcase classname="uiTests.SampleAppTest" name="sampleAppTest" time="7.451"/>
  <testcase classname="uiTests.DynamicTableTest" name="dynamicTableTest" time="7.188"/>
  <testcase classname="apiTests.tests.Tests" name="createNewPetTest" time="9.838"/>
  <testcase classname="apiTests.tests.Tests" name="DeletePetTest" time="2.415"/>
  <testcase classname="apiTests.tests.Tests" name="EditPetDetailsTest" time="2.47"/>
  <testcase classname="uiTests.TestBase" name="@AfterSuite closeBrowser" time="0.0">
    <ignored/>
  </testcase> <!-- @AfterSuite closeBrowser -->
  <testcase classname="uiTests.TestBase" name="@AfterSuite closeBrowser" time="0.0">
    <ignored/>
  </testcase> <!-- @AfterSuite closeBrowser -->
  <testcase classname="uiTests.TestBase" name="@BeforeSuite startDriver" time="0.0">
    <ignored/>
  </testcase> <!-- @BeforeSuite startDriver -->
  <testcase classname="uiTests.TestBase" name="@BeforeSuite startDriver" time="0.0">
    <ignored/>
  </testcase> <!-- @BeforeSuite startDriver -->
  <testcase classname="uiTests.TestBase" name="@BeforeSuite startDriver" time="0.0">
    <ignored/>
  </testcase> <!-- @BeforeSuite startDriver -->
  <testcase classname="uiTests.TestBase" name="@BeforeSuite startDriver" time="0.0">
    <ignored/>
  </testcase> <!-- @BeforeSuite startDriver -->
  <testcase classname="uiTests.TestBase" name="@AfterSuite closeBrowser" time="0.0">
    <ignored/>
  </testcase> <!-- @AfterSuite closeBrowser -->
  <testcase classname="uiTests.TestBase" name="@AfterSuite closeBrowser" time="0.0">
    <ignored/>
  </testcase> <!-- @AfterSuite closeBrowser -->
</testsuite> <!-- SpriteCloud -->
